<?xml version="1.0" encoding="UTF-8"?>
<!-- Generated by org.testng.reporters.JUnitReportReporter -->
<testsuite hostname="SRINIVASGANGA" failures="0" tests="1" name="com.hrms.testscripts.TC002" time="27.812" errors="0" timestamp="2023-02-01T23:38:18 IST" skipped="0">
  <testcase classname="com.hrms.testscripts.TC002" name="tc002" time="27.812"/>
  <system-out/>
</testsuite> <!-- com.hrms.testscripts.TC002 -->
